# JRE version: Java(TM) SE Runtime Environment (17.0.10+11) (build 17.0.10+11-LTS-240)
# Java VM: Java HotSpot(TM) 64-Bit Server VM (17.0.10+11-LTS-240, mixed mode, emulated-client, sharing, tiered, compressed oops, compressed class ptrs, g1 gc, windows-amd64)
GC Precious Log:
 CPUs: 16 total, 16 available
 Memory: 8023M
 Large Page Support: Disabled
 NUMA Support: Disabled
 Compressed Oops: Enabled (32-bit)
 Heap Region Size: 1M
 Heap Min Capacity: 8M
 Heap Initial Capacity: 126M
 Heap Max Capacity: 2006M
 Pre-touch: Disabled
 Parallel Workers: 13
 Concurrent Workers: 3
 Concurrent Refinement Workers: 13
 Periodic GC: Disabled
Heap:
 garbage-first heap   total 71680K, used 29308K [0x0000000082a00000, 0x0000000100000000)
  region size 1024K, 3 young (3072K), 3 survivors (3072K)
 Metaspace       used 58081K, committed 58496K, reserved 1114112K
  class space    used 8302K, committed 8512K, reserved 1048576K
GC Heap History (20 events):
Event: 0.632 GC heap after
{Heap after GC invocations=1 (full 0):
 garbage-first heap   total 129024K, used 7890K [0x0000000082a00000, 0x0000000100000000)
  region size 1024K, 3 young (3072K), 3 survivors (3072K)
 Metaspace       used 7210K, committed 7360K, reserved 1114112K
  class space    used 906K, committed 960K, reserved 1048576K
}
Event: 0.928 GC heap before
{Heap before GC invocations=1 (full 0):
 garbage-first heap   total 129024K, used 33490K [0x0000000082a00000, 0x0000000100000000)
  region size 1024K, 29 young (29696K), 3 survivors (3072K)
 Metaspace       used 12879K, committed 13120K, reserved 1114112K
  class space    used 1792K, committed 1920K, reserved 1048576K
}
Event: 0.932 GC heap after
{Heap after GC invocations=2 (full 0):
 garbage-first heap   total 129024K, used 9955K [0x0000000082a00000, 0x0000000100000000)
  region size 1024K, 2 young (2048K), 2 survivors (2048K)
 Metaspace       used 12879K, committed 13120K, reserved 1114112K
  class space    used 1792K, committed 1920K, reserved 1048576K
}
Event: 1.267 GC heap before
{Heap before GC invocations=2 (full 0):
 garbage-first heap   total 129024K, used 64227K [0x0000000082a00000, 0x0000000100000000)
  region size 1024K, 57 young (58368K), 2 survivors (2048K)
 Metaspace       used 21240K, committed 21504K, reserved 1114112K
  class space    used 2919K, committed 3072K, reserved 1048576K
}
Event: 1.273 GC heap after
{Heap after GC invocations=3 (full 0):
 garbage-first heap   total 129024K, used 13688K [0x0000000082a00000, 0x0000000100000000)
  region size 1024K, 6 young (6144K), 6 survivors (6144K)
 Metaspace       used 21240K, committed 21504K, reserved 1114112K
  class space    used 2919K, committed 3072K, reserved 1048576K
}
Event: 1.569 GC heap before
{Heap before GC invocations=4 (full 0):
 garbage-first heap   total 51200K, used 39288K [0x0000000082a00000, 0x0000000100000000)
  region size 1024K, 32 young (32768K), 6 survivors (6144K)
 Metaspace       used 23790K, committed 24128K, reserved 1114112K
  class space    used 3327K, committed 3520K, reserved 1048576K
}
Event: 1.578 GC heap after
{Heap after GC invocations=5 (full 0):
 garbage-first heap   total 51200K, used 14855K [0x0000000082a00000, 0x0000000100000000)
  region size 1024K, 5 young (5120K), 5 survivors (5120K)
 Metaspace       used 23790K, committed 24128K, reserved 1114112K
  class space    used 3327K, committed 3520K, reserved 1048576K
}
Event: 1.589 GC heap before
{Heap before GC invocations=5 (full 0):
 garbage-first heap   total 51200K, used 15879K [0x0000000082a00000, 0x0000000100000000)
  region size 1024K, 6 young (6144K), 5 survivors (5120K)
 Metaspace       used 23894K, committed 24192K, reserved 1114112K
  class space    used 3339K, committed 3520K, reserved 1048576K
}
Event: 1.595 GC heap after
{Heap after GC invocations=6 (full 0):
 garbage-first heap   total 51200K, used 15561K [0x0000000082a00000, 0x0000000100000000)
  region size 1024K, 1 young (1024K), 1 survivors (1024K)
 Metaspace       used 23894K, committed 24192K, reserved 1114112K
  class space    used 3339K, committed 3520K, reserved 1048576K
}
Event: 1.917 GC heap before
{Heap before GC invocations=6 (full 0):
 garbage-first heap   total 51200K, used 33993K [0x0000000082a00000, 0x0000000100000000)
  region size 1024K, 20 young (20480K), 1 survivors (1024K)
 Metaspace       used 26957K, committed 27264K, reserved 1114112K
  class space    used 3831K, committed 3968K, reserved 1048576K
}
Event: 1.927 GC heap after
{Heap after GC invocations=7 (full 0):
 garbage-first heap   total 102400K, used 16895K [0x0000000082a00000, 0x0000000100000000)
  region size 1024K, 3 young (3072K), 3 survivors (3072K)
 Metaspace       used 26957K, committed 27264K, reserved 1114112K
  class space    used 3831K, committed 3968K, reserved 1048576K
}
Event: 2.641 GC heap before
{Heap before GC invocations=7 (full 0):
 garbage-first heap   total 102400K, used 61951K [0x0000000082a00000, 0x0000000100000000)
  region size 1024K, 48 young (49152K), 3 survivors (3072K)
 Metaspace       used 35622K, committed 35968K, reserved 1114112K
  class space    used 5130K, committed 5312K, reserved 1048576K
}
Event: 2.647 GC heap after
{Heap after GC invocations=8 (full 0):
 garbage-first heap   total 102400K, used 19699K [0x0000000082a00000, 0x0000000100000000)
  region size 1024K, 5 young (5120K), 5 survivors (5120K)
 Metaspace       used 35622K, committed 35968K, reserved 1114112K
  class space    used 5130K, committed 5312K, reserved 1048576K
}
Event: 3.480 GC heap before
{Heap before GC invocations=9 (full 0):
 garbage-first heap   total 71680K, used 57587K [0x0000000082a00000, 0x0000000100000000)
  region size 1024K, 42 young (43008K), 5 survivors (5120K)
 Metaspace       used 47171K, committed 47552K, reserved 1114112K
  class space    used 6660K, committed 6848K, reserved 1048576K
}
Event: 3.488 GC heap after
{Heap after GC invocations=10 (full 0):
 garbage-first heap   total 71680K, used 22893K [0x0000000082a00000, 0x0000000100000000)
  region size 1024K, 6 young (6144K), 6 survivors (6144K)
 Metaspace       used 47171K, committed 47552K, reserved 1114112K
  class space    used 6660K, committed 6848K, reserved 1048576K
}
Event: 4.037 GC heap before
{Heap before GC invocations=10 (full 0):
 garbage-first heap   total 71680K, used 52589K [0x0000000082a00000, 0x0000000100000000)
  region size 1024K, 35 young (35840K), 6 survivors (6144K)
 Metaspace       used 52630K, committed 52992K, reserved 1114112K
  class space    used 7505K, committed 7680K, reserved 1048576K
}
Event: 4.043 GC heap after
{Heap after GC invocations=11 (full 0):
 garbage-first heap   total 71680K, used 25186K [0x0000000082a00000, 0x0000000100000000)
  region size 1024K, 3 young (3072K), 3 survivors (3072K)
 Metaspace       used 52630K, committed 52992K, reserved 1114112K
  class space    used 7505K, committed 7680K, reserved 1048576K
}
Event: 4.382 GC heap before
{Heap before GC invocations=11 (full 0):
 garbage-first heap   total 71680K, used 53858K [0x0000000082a00000, 0x0000000100000000)
  region size 1024K, 31 young (31744K), 3 survivors (3072K)
 Metaspace       used 55204K, committed 55552K, reserved 1114112K
  class space    used 7872K, committed 8064K, reserved 1048576K
}
Event: 4.386 GC heap after
{Heap after GC invocations=12 (full 0):
 garbage-first heap   total 71680K, used 26876K [0x0000000082a00000, 0x0000000100000000)
  region size 1024K, 4 young (4096K), 4 survivors (4096K)
 Metaspace       used 55204K, committed 55552K, reserved 1114112K
  class space    used 7872K, committed 8064K, reserved 1048576K
}
Event: 4.738 GC heap before
{Heap before GC invocations=12 (full 0):
 garbage-first heap   total 71680K, used 54524K [0x0000000082a00000, 0x0000000100000000)
  region size 1024K, 31 young (31744K), 4 survivors (4096K)
 Metaspace       used 58081K, committed 58496K, reserved 1114112K
  class space    used 8302K, committed 8512K, reserved 1048576K
}

